<?xml version="1.0" encoding="utf-8"?><testsuites><testsuite name="pytest" errors="0" failures="0" skipped="0" tests="5" time="30.285" timestamp="2022-06-12T08:29:30.250165" hostname="IGSKCICGLTGM081"><testcase classname="test.rupture.distance_test" name="test_san_fernando" time="0.009" /><testcase classname="test.rupture.distance_test" name="test_exceptions" time="0.038" /><testcase classname="test.rupture.distance_test" name="test_distance_no_rupture" time="23.990" /><testcase classname="test.rupture.distance_test" name="test_distance_from_sites_origin" time="0.013" /><testcase classname="test.rupture.distance_test" name="test_chichi_with_get_distance" time="0.104" /></testsuite></testsuites>