<?xml version="1.0" encoding="utf-8"?><testsuites><testsuite name="pytest" errors="0" failures="0" skipped="0" tests="51" time="101.770" timestamp="2022-06-12T08:30:09.613816" hostname="IGSKCICGLTGM081"><testcase classname="test.colors.cpalette_test" name="test_simplemap" time="0.003" /><testcase classname="test.colors.cpalette_test" name="test_presets" time="0.019" /><testcase classname="test.colors.cpalette_test" name="test_colormap" time="0.005" /><testcase classname="test.colors.cpalette_test" name="test_file" time="0.007" /><testcase classname="test.colors.cpalette_test" name="test_cpt" time="0.061" /><testcase classname="test.comcat.query_test" name="test_geoserve" time="11.581" /><testcase classname="test.comcat.query_test" name="test_cc" time="11.131" /><testcase classname="test.io.cmd_test" name="test_get_command_output" time="0.035" /><testcase classname="test.io.container_test" name="test_hdf_dictonaries" time="0.027" /><testcase classname="test.io.container_test" name="test_hdf_lists" time="0.009" /><testcase classname="test.io.container_test" name="test_hdf_arrays" time="0.025" /><testcase classname="test.io.container_test" name="test_hdf_strings" time="0.399" /><testcase classname="test.io.container_test" name="test_hdf_dataframes" time="0.026" /><testcase classname="test.mapping.city_test" name="test" time="1.007" /><testcase classname="test.mapping.compass_test" name="test_compass" time="0.002" /><testcase classname="test.mapping.mapcity_test" name="test_mapcity" time="0.930" /><testcase classname="test.mapping.mercatormap_test" name="test_mmap" time="1.281" /><testcase classname="test.mapping.scalebar_test" name="test_draw_scale" time="0.030" /><testcase classname="test.rupture.distance_test" name="test_san_fernando" time="0.009" /><testcase classname="test.rupture.distance_test" name="test_exceptions" time="0.016" /><testcase classname="test.rupture.distance_test" name="test_distance_no_rupture" time="24.701" /><testcase classname="test.rupture.distance_test" name="test_distance_from_sites_origin" time="0.013" /><testcase classname="test.rupture.distance_test" name="test_chichi_with_get_distance" time="0.083" /><testcase classname="test.rupture.origin_test" name="test_origin" time="0.013" /><testcase classname="test.rupture.rupture_test" name="test_no_origin" time="0.001" /><testcase classname="test.rupture.rupture_test" name="test_text_to_json" time="0.001" /><testcase classname="test.rupture.rupture_test" name="test_rupture_from_dict" time="25.434" /><testcase classname="test.rupture.rupture_test" name="test_EdgeRupture" time="0.079" /><testcase classname="test.rupture.rupture_test" name="test_QuadRupture" time="0.020" /><testcase classname="test.rupture.rupture_test" name="test_rupture_depth" time="7.131" /><testcase classname="test.rupture.rupture_test" name="test_slip" time="0.002" /><testcase classname="test.rupture.rupture_test" name="test_northridge" time="0.003" /><testcase classname="test.rupture.rupture_test" name="test_parse_complicated_rupture" time="0.014" /><testcase classname="test.rupture.rupture_test" name="test_incorrect" time="0.002" /><testcase classname="test.rupture.rupture_test" name="test_fromTrace" time="0.007" /><testcase classname="test.rupture.rupture_test" name="test_with_quakeml" time="0.251" /><testcase classname="test.rupture.rupture_test" name="test_fromOrientation" time="0.004" /><testcase classname="test.textformat.text_test" name="test" time="0.001" /><testcase classname="test.time.timeutils_test" name="test_time_conversion" time="6.372" /><testcase classname="test.time.timeutils_test" name="test_elapsed" time="0.001" /><testcase classname="test.time.timeutils_test" name="test_local_time_ne" time="2.994" /><testcase classname="test.transfer.copysender_test" name="test_files" time="0.005" /><testcase classname="test.transfer.copysender_test" name="test_directory" time="0.713" /><testcase classname="test.transfer.factory_test" name="test" time="0.003" /><testcase classname="test.transfer.pdlsender_test" name="test_send" time="0.001" /><testcase classname="test.transfer.pdlsender_test" name="test_cancel" time="0.001" /><testcase classname="test.transfer.pdlsender_test" name="test_send_fail" time="0.001" /><testcase classname="test.transfer.pdlsender_test" name="test_cancel_fail" time="0.001" /><testcase classname="test.vectorutils.ecef_test" name="test_ecef" time="0.001" /><testcase classname="test.vectorutils.point_test" name="test_point" time="0.001" /><testcase classname="test.vectorutils.vector_test" name="test" time="0.002" /></testsuite></testsuites>